<?xml version="1.0" encoding="UTF-8"?>
<!-- Generated by org.testng.reporters.JUnitReportReporter -->
<testsuite skipped="0" hostname="DESKTOP-NBAQUBE" name="basicAnnotations.TestingClass2" tests="4" failures="0" timestamp="2019-10-11T20:50:50 IST" time="0.029" errors="0">
  <testcase name="testCase2" time="0.007" classname="basicAnnotations.TestingClass2"/>
  <testcase name="testCase1" time="0.012" classname="basicAnnotations.TestingClass2"/>
  <testcase name="testCase1" time="0.007" classname="basicAnnotations.TestingClass2"/>
  <testcase name="testCase2" time="0.003" classname="basicAnnotations.TestingClass2"/>
</testsuite> <!-- basicAnnotations.TestingClass2 -->
