<?xml version="1.0" encoding="UTF-8"?>
<!-- Generated by org.testng.reporters.JUnitReportReporter -->
<testsuite skipped="0" hostname="DESKTOP-NBAQUBE" name="basicAnnotations.TestNGClass1" tests="6" failures="0" timestamp="2019-10-11T20:50:50 IST" time="0.035" errors="0">
  <testcase name="test3" time="0.014" classname="basicAnnotations.TestNGClass1"/>
  <testcase name="test3" time="0.004" classname="basicAnnotations.TestNGClass1"/>
  <testcase name="test1" time="0.002" classname="basicAnnotations.TestNGClass1"/>
  <testcase name="test1" time="0.006" classname="basicAnnotations.TestNGClass1"/>
  <testcase name="test2" time="0.003" classname="basicAnnotations.TestNGClass1"/>
  <testcase name="test2" time="0.006" classname="basicAnnotations.TestNGClass1"/>
</testsuite> <!-- basicAnnotations.TestNGClass1 -->
