<?xml version="1.0" encoding="UTF-8"?>
<!-- Generated by org.testng.reporters.JUnitReportReporter -->
<testsuite skipped="0" hostname="DESKTOP-NBAQUBE" name="basicAnnotations.TestNGClass2" tests="1" failures="0" timestamp="2019-10-11T20:02:28 IST" time="0.024" errors="0">
  <testcase name="testCase1" time="0.024" classname="basicAnnotations.TestNGClass2"/>
</testsuite> <!-- basicAnnotations.TestNGClass2 -->
