<?xml version="1.0" encoding="UTF-8"?>
<!-- Generated by org.testng.reporters.JUnitReportReporter -->
<testsuite skipped="0" hostname="DESKTOP-NBAQUBE" name="basicSelenium.Scroll" tests="1" failures="0" timestamp="2019-10-16T20:59:00 IST" time="4.724" errors="0">
  <testcase name="test" time="4.724" classname="basicSelenium.Scroll"/>
</testsuite> <!-- basicSelenium.Scroll -->
