<?xml version="1.0" encoding="UTF-8"?>
<!-- Generated by org.testng.reporters.JUnitReportReporter -->
<testsuite skipped="0" hostname="DESKTOP-NBAQUBE" name="basicSelenium.AutomatewebTable" tests="1" failures="0" timestamp="2019-10-16T20:28:37 IST" time="5.465" errors="0">
  <testcase name="test" time="5.465" classname="basicSelenium.AutomatewebTable"/>
</testsuite> <!-- basicSelenium.AutomatewebTable -->
