<?xml version="1.0" encoding="UTF-8"?>
<!-- Generated by org.testng.reporters.JUnitReportReporter -->
<testsuite skipped="0" hostname="DESKTOP-NBAQUBE" name="basicSelenium.SeleniumClass3" tests="1" failures="0" timestamp="2019-10-15T21:36:08 IST" time="17.897" errors="0">
  <testcase name="test" time="17.897" classname="basicSelenium.SeleniumClass3"/>
</testsuite> <!-- basicSelenium.SeleniumClass3 -->
