<?xml version="1.0" encoding="UTF-8"?>
<!-- Generated by org.testng.reporters.JUnitReportReporter -->
<testsuite skipped="0" hostname="DESKTOP-NBAQUBE" name="basicSelenium.SeleniumClass1" tests="1" failures="0" timestamp="2019-10-15T20:43:14 IST" time="43.163" errors="0">
  <testcase name="login" time="43.163" classname="basicSelenium.SeleniumClass1"/>
</testsuite> <!-- basicSelenium.SeleniumClass1 -->
